TN:
SF:/Users/th0t_nzeng/Coding/energyweb/greenProof/greenproof-sdk/packages/greenproof-contracts/contracts/facets/IssuerFacet.sol
FN:25,onlyIssuer
FN:50,requestProofIssuance
FN:83,discloseData
FN:99,getCertificateOwners
FN:103,safeTransferFrom
FN:112,safeBatchTransferFrom
FNF:6
FNH:6
FNDA:47,onlyIssuer
FNDA:39,requestProofIssuance
FNDA:6,discloseData
FNDA:1,getCertificateOwners
FNDA:6,safeTransferFrom
FNDA:6,safeBatchTransferFrom
DA:26,47
DA:27,45
DA:51,39
DA:53,39
DA:55,38
DA:57,2
DA:59,36
DA:60,36
DA:61,2
DA:64,34
DA:65,34
DA:67,33
DA:68,33
DA:70,33
DA:71,33
DA:72,33
DA:84,6
DA:86,6
DA:87,5
DA:88,5
DA:90,3
DA:91,3
DA:100,1
DA:104,6
DA:106,6
DA:107,5
DA:108,4
DA:109,3
DA:119,6
DA:120,6
DA:121,6
DA:122,12
DA:123,11
DA:124,10
DA:126,3
LF:35
LH:35
BRDA:26,1,0,45
BRDA:26,1,1,2
BRDA:50,2,0,39
BRDA:50,2,1,1
BRDA:53,3,0,38
BRDA:53,3,1,1
BRDA:55,4,0,2
BRDA:55,4,1,36
BRDA:60,5,0,2
BRDA:60,5,1,34
BRDA:65,6,0,33
BRDA:65,6,1,1
BRDA:83,7,0,6
BRDA:83,7,1,1
BRDA:86,8,0,5
BRDA:86,8,1,1
BRDA:88,9,0,3
BRDA:88,9,1,2
BRDA:106,10,0,5
BRDA:106,10,1,1
BRDA:107,11,0,4
BRDA:107,11,1,1
BRDA:108,12,0,3
BRDA:108,12,1,1
BRDA:108,13,0,3
BRDA:108,13,1,0
BRDA:122,14,0,11
BRDA:122,14,1,1
BRDA:123,15,0,10
BRDA:123,15,1,1
BRDA:124,16,0,9
BRDA:124,16,1,1
BRDA:124,17,0,8
BRDA:124,17,1,1
BRF:34
BRH:33
end_of_record
TN:
SF:/Users/th0t_nzeng/Coding/energyweb/greenProof/greenproof-sdk/packages/greenproof-contracts/contracts/facets/ProofManagerFacet.sol
FN:14,onlyRevoker
FN:19,onlyClaimer
FN:24,_claimProof
FN:35,claimProofFor
FN:39,claimProof
FN:43,revokeProof
FN:58,getProof
FN:67,getProofIdByDataHash
FN:73,getProofsOf
FN:88,claimedBalanceOf
FN:94,verifyProof
FNF:11
FNH:11
FNDA:14,onlyRevoker
FNDA:7,onlyClaimer
FNDA:10,_claimProof
FNDA:6,claimProofFor
FNDA:4,claimProof
FNDA:13,revokeProof
FNDA:4,getProof
FNDA:2,getProofIdByDataHash
FNDA:4,getProofsOf
FNDA:4,claimedBalanceOf
FNDA:16,verifyProof
DA:15,14
DA:16,13
DA:20,7
DA:21,6
DA:25,10
DA:27,10
DA:28,8
DA:30,6
DA:31,6
DA:32,6
DA:36,6
DA:40,4
DA:44,13
DA:45,13
DA:47,13
DA:48,1
DA:50,12
DA:51,11
DA:52,1
DA:54,10
DA:55,10
DA:59,4
DA:61,4
DA:62,1
DA:64,3
DA:68,2
DA:70,2
DA:74,4
DA:75,4
DA:77,4
DA:78,3
DA:79,3
DA:80,4
DA:81,4
DA:82,4
DA:85,3
DA:89,4
DA:91,4
DA:95,16
LF:39
LH:39
BRDA:15,1,0,13
BRDA:15,1,1,1
BRDA:20,2,0,6
BRDA:20,2,1,1
BRDA:27,3,0,8
BRDA:27,3,1,2
BRDA:28,4,0,6
BRDA:28,4,1,2
BRDA:35,5,0,6
BRDA:35,5,1,1
BRDA:43,6,0,13
BRDA:43,6,1,1
BRDA:47,7,0,1
BRDA:47,7,1,12
BRDA:50,8,0,11
BRDA:50,8,1,1
BRDA:51,9,0,1
BRDA:51,9,1,10
BRDA:61,10,0,1
BRDA:61,10,1,3
BRDA:77,11,0,3
BRDA:77,11,1,1
BRF:22
BRH:22
end_of_record
TN:
SF:/Users/th0t_nzeng/Coding/energyweb/greenProof/greenproof-sdk/packages/greenproof-contracts/contracts/facets/Test1Facet.sol
FN:7,test1Func1
FN:9,test1Func2
FN:11,test1Func3
FN:13,test1Func4
FN:15,test1Func5
FN:17,test1Func6
FN:19,test1Func7
FN:21,test1Func8
FN:23,test1Func9
FN:25,test1Func10
FN:27,test1Func11
FN:29,test1Func12
FN:31,test1Func13
FN:33,test1Func14
FN:35,test1Func15
FN:37,test1Func16
FN:39,test1Func17
FN:41,test1Func18
FN:43,test1Func19
FN:45,test1Func20
FN:47,supportsInterface
FNF:21
FNH:20
FNDA:1,test1Func1
FNDA:1,test1Func2
FNDA:1,test1Func3
FNDA:1,test1Func4
FNDA:1,test1Func5
FNDA:1,test1Func6
FNDA:1,test1Func7
FNDA:1,test1Func8
FNDA:1,test1Func9
FNDA:1,test1Func10
FNDA:1,test1Func11
FNDA:1,test1Func12
FNDA:1,test1Func13
FNDA:1,test1Func14
FNDA:1,test1Func15
FNDA:1,test1Func16
FNDA:1,test1Func17
FNDA:1,test1Func18
FNDA:1,test1Func19
FNDA:1,test1Func20
FNDA:0,supportsInterface
LF:0
LH:0
BRF:0
BRH:0
end_of_record
TN:
SF:/Users/th0t_nzeng/Coding/energyweb/greenProof/greenproof-sdk/packages/greenproof-contracts/contracts/facets/Test2Facet.sol
FN:5,test2Func1
FN:7,test2Func2
FN:9,test2Func3
FN:11,test2Func4
FN:13,test2Func5
FN:15,test2Func6
FN:17,test2Func7
FN:19,test2Func8
FN:21,test2Func9
FN:23,test2Func10
FN:25,test2Func11
FN:27,test2Func12
FN:29,test2Func13
FN:31,test2Func14
FN:33,test2Func15
FN:35,test2Func16
FN:37,test2Func17
FN:39,test2Func18
FN:41,test2Func19
FN:43,test2Func20
FNF:20
FNH:20
FNDA:1,test2Func1
FNDA:1,test2Func2
FNDA:1,test2Func3
FNDA:1,test2Func4
FNDA:1,test2Func5
FNDA:1,test2Func6
FNDA:1,test2Func7
FNDA:1,test2Func8
FNDA:1,test2Func9
FNDA:1,test2Func10
FNDA:1,test2Func11
FNDA:1,test2Func12
FNDA:1,test2Func13
FNDA:1,test2Func14
FNDA:1,test2Func15
FNDA:1,test2Func16
FNDA:1,test2Func17
FNDA:1,test2Func18
FNDA:1,test2Func19
FNDA:1,test2Func20
LF:0
LH:0
BRF:0
BRH:0
end_of_record
TN:
SF:/Users/th0t_nzeng/Coding/energyweb/greenProof/greenproof-sdk/packages/greenproof-contracts/contracts/facets/VotingFacet.sol
FN:21,onlyEnrolledWorkers
FN:26,onlyOwner
FN:31,onlyWhitelistedWorker
FN:38,onlyWhenEnabledRewards
FN:48,vote
FN:79,addWorker
FN:95,removeWorker
FN:119,cancelExpiredVotings
FN:137,getWorkers
FN:143,isWhitelistedWorker
FN:152,getWorkerVotes
FN:175,getWinners
FN:182,getWinningMatches
FN:201,numberOfVotings
FN:207,replenishRewardPool
FNF:15
FNH:15
FNDA:194,onlyEnrolledWorkers
FNDA:3,onlyOwner
FNDA:119,onlyWhitelistedWorker
FNDA:8,onlyWhenEnabledRewards
FNDA:118,vote
FNDA:193,addWorker
FNDA:8,removeWorker
FNDA:1,cancelExpiredVotings
FNDA:2,getWorkers
FNDA:338,isWhitelistedWorker
FNDA:13,getWorkerVotes
FNDA:5,getWinners
FNDA:61,getWinningMatches
FNDA:3,numberOfVotings
FNDA:7,replenishRewardPool
DA:22,194
DA:23,193
DA:27,3
DA:28,1
DA:32,119
DA:33,1
DA:35,118
DA:39,8
DA:40,1
DA:42,7
DA:49,118
DA:50,118
DA:52,118
DA:53,1
DA:56,117
DA:57,1
DA:58,1
DA:59,1
DA:62,116
DA:63,66
DA:66,116
DA:67,2
DA:70,114
DA:80,193
DA:82,193
DA:83,1
DA:85,192
DA:86,192
DA:96,8
DA:97,8
DA:99,8
DA:100,1
DA:102,7
DA:104,5
DA:105,4
DA:107,4
DA:108,4
DA:109,4
DA:112,5
DA:113,5
DA:120,1
DA:122,1
DA:123,1
DA:124,1
DA:125,1
DA:126,1
DA:127,1
DA:128,1
DA:129,1
DA:130,1
DA:131,1
DA:138,2
DA:140,2
DA:144,338
DA:145,338
DA:146,338
DA:153,13
DA:154,13
DA:155,13
DA:156,13
DA:158,13
DA:159,13
DA:160,13
DA:161,11
DA:162,11
DA:166,13
DA:167,13
DA:168,11
DA:176,5
DA:177,5
DA:179,5
DA:183,61
DA:184,61
DA:185,61
DA:186,61
DA:188,61
DA:189,75
DA:190,57
DA:191,57
DA:195,61
DA:196,61
DA:197,57
DA:202,3
DA:204,3
DA:208,7
DA:209,1
DA:211,6
DA:212,6
LF:88
LH:88
BRDA:22,1,0,193
BRDA:22,1,1,1
BRDA:27,2,0,1
BRDA:27,2,1,2
BRDA:32,3,0,1
BRDA:32,3,1,118
BRDA:39,4,0,1
BRDA:39,4,1,7
BRDA:48,5,0,118
BRDA:48,5,1,1
BRDA:52,6,0,1
BRDA:52,6,1,117
BRDA:56,7,0,1
BRDA:56,7,1,116
BRDA:62,8,0,66
BRDA:62,8,1,50
BRDA:66,9,0,2
BRDA:66,9,1,114
BRDA:79,10,0,193
BRDA:79,10,1,1
BRDA:82,11,0,1
BRDA:82,11,1,192
BRDA:99,12,0,1
BRDA:99,12,1,7
BRDA:102,13,0,5
BRDA:102,13,1,2
BRDA:104,14,0,4
BRDA:104,14,1,1
BRDA:119,15,0,1
BRDA:119,15,1,2
BRDA:129,16,0,1
BRDA:129,16,1,0
BRDA:160,17,0,11
BRDA:160,17,1,2
BRDA:189,18,0,57
BRDA:189,18,1,18
BRDA:207,19,0,7
BRDA:207,19,1,1
BRDA:208,20,0,1
BRDA:208,20,1,6
BRF:40
BRH:39
end_of_record
TN:
SF:/Users/th0t_nzeng/Coding/energyweb/greenProof/greenproof-sdk/packages/greenproof-contracts/contracts/Greenproof.sol
FN:39,constructor
FN:62,updateClaimManager
FN:67,updateIssuerVersion
FN:72,updateRevokerVersion
FN:77,updateWorkerVersion
FN:82,updateClaimerVersion
FN:87,setRewardsEnabled
FNF:7
FNH:7
FNDA:265,constructor
FNDA:4,updateClaimManager
FNDA:3,updateIssuerVersion
FNDA:3,updateRevokerVersion
FNDA:3,updateWorkerVersion
FNDA:3,updateClaimerVersion
FNDA:3,setRewardsEnabled
DA:40,265
DA:41,265
DA:42,264
DA:43,263
DA:44,262
DA:45,261
DA:47,261
DA:48,261
DA:49,261
DA:50,261
DA:52,261
DA:63,4
DA:64,1
DA:68,3
DA:69,1
DA:73,3
DA:74,1
DA:78,3
DA:79,1
DA:83,3
DA:84,1
DA:88,3
LF:22
LH:22
BRDA:40,1,0,265
BRDA:40,1,1,0
BRDA:41,2,0,264
BRDA:41,2,1,1
BRDA:42,3,0,263
BRDA:42,3,1,1
BRDA:43,4,0,262
BRDA:43,4,1,1
BRDA:44,5,0,261
BRDA:44,5,1,1
BRDA:45,6,0,261
BRDA:45,6,1,0
BRF:12
BRH:10
end_of_record
TN:
SF:/Users/th0t_nzeng/Coding/energyweb/greenProof/greenproof-sdk/packages/greenproof-contracts/contracts/interfaces/IClaimManager.sol
FNF:0
FNH:0
LF:0
LH:0
BRF:0
BRH:0
end_of_record
TN:
SF:/Users/th0t_nzeng/Coding/energyweb/greenProof/greenproof-sdk/packages/greenproof-contracts/contracts/interfaces/IGreenProof.sol
FNF:0
FNH:0
LF:0
LH:0
BRF:0
BRH:0
end_of_record
TN:
SF:/Users/th0t_nzeng/Coding/energyweb/greenProof/greenproof-sdk/packages/greenproof-contracts/contracts/interfaces/IProofManager.sol
FNF:0
FNH:0
LF:0
LH:0
BRF:0
BRH:0
end_of_record
TN:
SF:/Users/th0t_nzeng/Coding/energyweb/greenProof/greenproof-sdk/packages/greenproof-contracts/contracts/interfaces/IReward.sol
FNF:0
FNH:0
LF:0
LH:0
BRF:0
BRH:0
end_of_record
TN:
SF:/Users/th0t_nzeng/Coding/energyweb/greenProof/greenproof-sdk/packages/greenproof-contracts/contracts/interfaces/IVoting.sol
FNF:0
FNH:0
LF:0
LH:0
BRF:0
BRH:0
end_of_record
TN:
SF:/Users/th0t_nzeng/Coding/energyweb/greenProof/greenproof-sdk/packages/greenproof-contracts/contracts/libraries/LibClaimManager.sol
FN:26,onlyOwner
FN:31,hasRole
FN:41,init
FN:62,setIssuerVersion
FN:71,setWorkerVersion
FN:80,setRevokerVersion
FN:89,setClaimerVersion
FN:98,setClaimManagerAddress
FN:109,getStorage
FN:116,isEnrolledIssuer
FN:122,isEnrolledRevoker
FN:128,isEnrolledClaimer
FN:134,isEnrolledWorker
FNF:13
FNH:13
FNDA:16,onlyOwner
FNDA:269,hasRole
FNDA:261,init
FNDA:2,setIssuerVersion
FNDA:2,setWorkerVersion
FNDA:2,setRevokerVersion
FNDA:2,setClaimerVersion
FNDA:3,setClaimManagerAddress
FNDA:810,getStorage
FNDA:47,isEnrolledIssuer
FNDA:14,isEnrolledRevoker
FNDA:7,isEnrolledClaimer
FNDA:201,isEnrolledWorker
DA:27,16
DA:28,11
DA:32,269
DA:35,269
DA:36,269
DA:38,269
DA:49,261
DA:51,261
DA:52,261
DA:54,261
DA:55,261
DA:56,261
DA:57,261
DA:58,261
DA:59,261
DA:63,2
DA:65,2
DA:66,1
DA:68,1
DA:72,2
DA:74,2
DA:75,1
DA:77,1
DA:81,2
DA:83,2
DA:84,1
DA:86,1
DA:90,2
DA:92,2
DA:93,1
DA:95,1
DA:99,3
DA:101,3
DA:102,2
DA:104,1
DA:106,1
DA:110,810
DA:111,810
DA:117,47
DA:119,47
DA:123,14
DA:125,14
DA:129,7
DA:131,7
DA:135,201
DA:137,201
LF:46
LH:46
BRDA:27,1,0,11
BRDA:27,1,1,5
BRDA:51,2,0,261
BRDA:51,2,1,0
BRDA:52,3,0,261
BRDA:52,3,1,0
BRDA:62,4,0,2
BRDA:62,4,1,1
BRDA:65,5,0,1
BRDA:65,5,1,1
BRDA:71,6,0,2
BRDA:71,6,1,1
BRDA:74,7,0,1
BRDA:74,7,1,1
BRDA:80,8,0,2
BRDA:80,8,1,1
BRDA:83,9,0,1
BRDA:83,9,1,1
BRDA:89,10,0,2
BRDA:89,10,1,1
BRDA:92,11,0,1
BRDA:92,11,1,1
BRDA:98,12,0,3
BRDA:98,12,1,1
BRDA:101,13,0,2
BRDA:101,13,1,1
BRDA:102,14,0,1
BRDA:102,14,1,1
BRF:28
BRH:26
end_of_record
TN:
SF:/Users/th0t_nzeng/Coding/energyweb/greenProof/greenproof-sdk/packages/greenproof-contracts/contracts/libraries/LibIssuer.sol
FN:34,init
FN:39,_incrementProofIndex
FN:44,_registerProof
FN:59,_registerClaimedProof
FN:64,_isCertified
FN:75,_getCertificate
FN:89,_getStorage
FN:97,_getAmountHash
FNF:8
FNH:8
FNDA:261,init
FNDA:33,_incrementProofIndex
FNDA:33,_registerProof
FNDA:6,_registerClaimedProof
FNDA:38,_isCertified
FNDA:4,_getCertificate
FNDA:465,_getStorage
FNDA:34,_getAmountHash
DA:35,261
DA:36,261
DA:40,33
DA:41,33
DA:45,33
DA:47,33
DA:55,33
DA:56,33
DA:60,6
DA:61,6
DA:65,38
DA:66,38
DA:68,38
DA:69,35
DA:72,3
DA:76,4
DA:78,4
DA:90,465
DA:92,465
DA:98,34
DA:99,34
LF:21
LH:21
BRDA:68,1,0,35
BRDA:68,1,1,3
BRF:2
BRH:2
end_of_record
TN:
SF:/Users/th0t_nzeng/Coding/energyweb/greenProof/greenproof-sdk/packages/greenproof-contracts/contracts/libraries/LibProofManager.sol
FN:8,_verifyProof
FNF:1
FNH:1
FNDA:55,_verifyProof
DA:13,55
LF:1
LH:1
BRF:0
BRH:0
end_of_record
TN:
SF:/Users/th0t_nzeng/Coding/energyweb/greenProof/greenproof-sdk/packages/greenproof-contracts/contracts/libraries/LibReward.sol
FN:20,onlyOwner
FN:25,initRewards
FN:32,setRewardsEnabled
FN:40,payReward
FN:54,_isRewardEnabled
FN:58,getStorage
FNF:6
FNH:6
FNDA:3,onlyOwner
FNDA:261,initRewards
FNDA:1,setRewardsEnabled
FNDA:6,payReward
FNDA:65,_isRewardEnabled
FNDA:388,getStorage
DA:21,3
DA:22,1
DA:26,261
DA:28,261
DA:29,261
DA:33,1
DA:35,1
DA:36,1
DA:37,1
DA:41,6
DA:43,6
DA:44,6
DA:46,6
DA:47,5
DA:48,5
DA:49,5
DA:50,5
DA:55,65
DA:59,388
DA:61,388
LF:20
LH:20
BRDA:21,1,0,1
BRDA:21,1,1,2
BRDA:32,2,0,1
BRDA:32,2,1,2
BRDA:35,3,0,1
BRDA:35,3,1,0
BRF:6
BRH:5
end_of_record
TN:
SF:/Users/th0t_nzeng/Coding/energyweb/greenProof/greenproof-sdk/packages/greenproof-contracts/contracts/libraries/LibVoting.sol
FN:89,init
FN:102,_isSessionExpired
FN:114,_recordVote
FN:125,_startSession
FN:144,_completeSession
FN:165,_getSessionID
FN:172,_revealMatch
FN:181,_revealVoters
FN:190,_rewardWinners
FN:209,_hasReachedConsensus
FN:216,_hasMajority
FN:222,_isClosed
FN:226,_getNumberOfWorkers
FN:232,_getVoters
FN:251,_getSession
FN:264,_isPartOfConsensus
FN:275,_hasAlreadyVoted
FN:279,_getStorage
FNF:18
FNH:18
FNDA:261,init
FNDA:118,_isSessionExpired
FNDA:114,_recordVote
FNDA:66,_startSession
FNDA:59,_completeSession
FNDA:202,_getSessionID
FNDA:57,_revealMatch
FNDA:57,_revealVoters
FNDA:55,_rewardWinners
FNDA:114,_hasReachedConsensus
FNDA:114,_hasMajority
FNDA:118,_isClosed
FNDA:709,_getNumberOfWorkers
FNDA:57,_getVoters
FNDA:495,_getSession
FNDA:36,_isPartOfConsensus
FNDA:13,_hasAlreadyVoted
FNDA:2722,_getStorage
DA:90,261
DA:92,261
DA:93,261
DA:103,118
DA:104,118
DA:105,2
DA:107,116
DA:115,114
DA:116,114
DA:117,114
DA:119,114
DA:120,57
DA:121,57
DA:127,66
DA:128,63
DA:131,66
DA:132,66
DA:133,66
DA:135,66
DA:136,66
DA:137,66
DA:138,66
DA:145,59
DA:146,59
DA:147,59
DA:149,59
DA:150,2
DA:151,2
DA:154,57
DA:155,57
DA:157,57
DA:158,57
DA:160,57
DA:161,55
DA:166,202
DA:173,57
DA:174,57
DA:175,57
DA:182,57
DA:183,57
DA:191,55
DA:192,55
DA:194,55
DA:195,55
DA:197,55
DA:198,100
DA:199,3
DA:201,97
DA:210,114
DA:217,114
DA:219,114
DA:223,118
DA:227,709
DA:229,709
DA:233,57
DA:235,57
DA:237,57
DA:238,57
DA:240,57
DA:241,57
DA:242,57
DA:243,142
DA:244,142
DA:245,105
DA:246,105
DA:252,495
DA:265,36
DA:266,36
DA:267,36
DA:268,34
DA:269,34
DA:272,2
DA:276,13
DA:280,2722
DA:282,2722
LF:75
LH:75
BRDA:104,1,0,2
BRDA:104,1,1,116
BRDA:119,2,0,57
BRDA:119,2,1,57
BRDA:127,3,0,63
BRDA:127,3,1,3
BRDA:149,4,0,2
BRDA:149,4,1,57
BRDA:160,5,0,55
BRDA:160,5,1,2
BRDA:198,6,0,3
BRDA:198,6,1,97
BRDA:244,7,0,105
BRDA:244,7,1,37
BRDA:268,8,0,34
BRDA:268,8,1,0
BRF:16
BRH:15
end_of_record
TN:
SF:/Users/th0t_nzeng/Coding/energyweb/greenProof/greenproof-sdk/packages/greenproof-contracts/contracts/upgradeInitializers/GreenproofInit.sol
FN:19,init
FNF:1
FNH:1
FNDA:87,init
DA:20,87
DA:21,87
DA:22,87
DA:23,87
DA:24,87
LF:5
LH:5
BRF:0
BRH:0
end_of_record
