{"contracts/facets/IssuerFacet.sol":{"l":{"26":47,"27":45,"51":39,"53":39,"55":38,"57":2,"59":36,"60":36,"61":2,"64":34,"65":34,"67":33,"68":33,"70":33,"71":33,"72":33,"84":6,"86":6,"87":5,"88":5,"90":3,"91":3,"100":1,"104":6,"106":6,"107":5,"108":4,"109":3,"119":6,"120":6,"121":6,"122":12,"123":11,"124":10,"126":3},"path":"/Users/th0t_nzeng/Coding/energyweb/greenProof/greenproof-sdk/packages/greenproof-contracts/contracts/facets/IssuerFacet.sol","s":{"1":47,"2":39,"3":39,"4":38,"5":36,"6":36,"7":34,"8":34,"9":33,"10":33,"11":33,"12":33,"13":33,"14":6,"15":6,"16":5,"17":5,"18":6,"19":6,"20":5,"21":4,"22":3,"23":6,"24":6,"25":6,"26":12,"27":11,"28":10,"29":3},"b":{"1":[45,2],"2":[39,1],"3":[38,1],"4":[2,36],"5":[2,34],"6":[33,1],"7":[6,1],"8":[5,1],"9":[3,2],"10":[5,1],"11":[4,1],"12":[3,1],"13":[3,0],"14":[11,1],"15":[10,1],"16":[9,1],"17":[8,1]},"f":{"1":47,"2":39,"3":6,"4":1,"5":6,"6":6},"fnMap":{"1":{"name":"onlyIssuer","line":25,"loc":{"start":{"line":25,"column":4},"end":{"line":28,"column":4}}},"2":{"name":"requestProofIssuance","line":50,"loc":{"start":{"line":42,"column":4},"end":{"line":73,"column":4}}},"3":{"name":"discloseData","line":83,"loc":{"start":{"line":83,"column":4},"end":{"line":92,"column":4}}},"4":{"name":"getCertificateOwners","line":99,"loc":{"start":{"line":99,"column":4},"end":{"line":101,"column":4}}},"5":{"name":"safeTransferFrom","line":103,"loc":{"start":{"line":103,"column":4},"end":{"line":110,"column":4}}},"6":{"name":"safeBatchTransferFrom","line":112,"loc":{"start":{"line":112,"column":4},"end":{"line":127,"column":4}}}},"statementMap":{"1":{"start":{"line":26,"column":8},"end":{"line":26,"column":70}},"2":{"start":{"line":51,"column":8},"end":{"line":51,"column":72}},"3":{"start":{"line":53,"column":8},"end":{"line":53,"column":68}},"4":{"start":{"line":55,"column":8},"end":{"line":55,"column":2892}},"5":{"start":{"line":59,"column":8},"end":{"line":59,"column":90}},"6":{"start":{"line":60,"column":8},"end":{"line":60,"column":3169}},"7":{"start":{"line":64,"column":8},"end":{"line":64,"column":52}},"8":{"start":{"line":65,"column":8},"end":{"line":65,"column":118}},"9":{"start":{"line":67,"column":8},"end":{"line":67,"column":39}},"10":{"start":{"line":68,"column":8},"end":{"line":68,"column":96}},"11":{"start":{"line":70,"column":8},"end":{"line":70,"column":63}},"12":{"start":{"line":71,"column":8},"end":{"line":71,"column":57}},"13":{"start":{"line":72,"column":8},"end":{"line":72,"column":81}},"14":{"start":{"line":84,"column":8},"end":{"line":84,"column":72}},"15":{"start":{"line":86,"column":8},"end":{"line":86,"column":98}},"16":{"start":{"line":87,"column":8},"end":{"line":87,"column":62}},"17":{"start":{"line":88,"column":8},"end":{"line":88,"column":103}},"18":{"start":{"line":104,"column":8},"end":{"line":104,"column":72}},"19":{"start":{"line":106,"column":8},"end":{"line":106,"column":58}},"20":{"start":{"line":107,"column":8},"end":{"line":107,"column":109}},"21":{"start":{"line":108,"column":8},"end":{"line":108,"column":131}},"22":{"start":{"line":109,"column":8},"end":{"line":109,"column":57}},"23":{"start":{"line":119,"column":8},"end":{"line":119,"column":72}},"24":{"start":{"line":120,"column":8},"end":{"line":120,"column":40}},"25":{"start":{"line":121,"column":8},"end":{"line":121,"column":6346}},"26":{"start":{"line":122,"column":12},"end":{"line":122,"column":71}},"27":{"start":{"line":123,"column":12},"end":{"line":123,"column":122}},"28":{"start":{"line":124,"column":12},"end":{"line":124,"column":143}},"29":{"start":{"line":126,"column":8},"end":{"line":126,"column":64}}},"branchMap":{"1":{"line":26,"type":"if","locations":[{"start":{"line":26,"column":8},"end":{"line":26,"column":8}},{"start":{"line":26,"column":8},"end":{"line":26,"column":8}}]},"2":{"line":50,"type":"if","locations":[{"start":{"line":50,"column":24},"end":{"line":50,"column":24}},{"start":{"line":50,"column":24},"end":{"line":50,"column":24}}]},"3":{"line":53,"type":"if","locations":[{"start":{"line":53,"column":8},"end":{"line":53,"column":8}},{"start":{"line":53,"column":8},"end":{"line":53,"column":8}}]},"4":{"line":55,"type":"if","locations":[{"start":{"line":55,"column":8},"end":{"line":55,"column":8}},{"start":{"line":55,"column":8},"end":{"line":55,"column":8}}]},"5":{"line":60,"type":"if","locations":[{"start":{"line":60,"column":8},"end":{"line":60,"column":8}},{"start":{"line":60,"column":8},"end":{"line":60,"column":8}}]},"6":{"line":65,"type":"if","locations":[{"start":{"line":65,"column":8},"end":{"line":65,"column":8}},{"start":{"line":65,"column":8},"end":{"line":65,"column":8}}]},"7":{"line":83,"type":"if","locations":[{"start":{"line":83,"column":130},"end":{"line":83,"column":130}},{"start":{"line":83,"column":130},"end":{"line":83,"column":130}}]},"8":{"line":86,"type":"if","locations":[{"start":{"line":86,"column":8},"end":{"line":86,"column":8}},{"start":{"line":86,"column":8},"end":{"line":86,"column":8}}]},"9":{"line":88,"type":"if","locations":[{"start":{"line":88,"column":8},"end":{"line":88,"column":8}},{"start":{"line":88,"column":8},"end":{"line":88,"column":8}}]},"10":{"line":106,"type":"if","locations":[{"start":{"line":106,"column":8},"end":{"line":106,"column":8}},{"start":{"line":106,"column":8},"end":{"line":106,"column":8}}]},"11":{"line":107,"type":"if","locations":[{"start":{"line":107,"column":8},"end":{"line":107,"column":8}},{"start":{"line":107,"column":8},"end":{"line":107,"column":8}}]},"12":{"line":108,"type":"if","locations":[{"start":{"line":108,"column":8},"end":{"line":108,"column":8}},{"start":{"line":108,"column":8},"end":{"line":108,"column":8}}]},"13":{"line":108,"type":"cond-expr","locations":[{"start":{"line":108,"column":16},"end":{"line":108,"column":57}},{"start":{"line":108,"column":62},"end":{"line":108,"column":100}}]},"14":{"line":122,"type":"if","locations":[{"start":{"line":122,"column":12},"end":{"line":122,"column":12}},{"start":{"line":122,"column":12},"end":{"line":122,"column":12}}]},"15":{"line":123,"type":"if","locations":[{"start":{"line":123,"column":12},"end":{"line":123,"column":12}},{"start":{"line":123,"column":12},"end":{"line":123,"column":12}}]},"16":{"line":124,"type":"if","locations":[{"start":{"line":124,"column":12},"end":{"line":124,"column":12}},{"start":{"line":124,"column":12},"end":{"line":124,"column":12}}]},"17":{"line":124,"type":"cond-expr","locations":[{"start":{"line":124,"column":20},"end":{"line":124,"column":65}},{"start":{"line":124,"column":70},"end":{"line":124,"column":112}}]}}},"contracts/facets/ProofManagerFacet.sol":{"l":{"15":14,"16":13,"20":7,"21":6,"25":10,"27":10,"28":8,"30":6,"31":6,"32":6,"36":6,"40":4,"44":13,"45":13,"47":13,"48":1,"50":12,"51":11,"52":1,"54":10,"55":10,"59":4,"61":4,"62":1,"64":3,"68":2,"70":2,"74":4,"75":4,"77":4,"78":3,"79":3,"80":4,"81":4,"82":4,"85":3,"89":4,"91":4,"95":16},"path":"/Users/th0t_nzeng/Coding/energyweb/greenProof/greenproof-sdk/packages/greenproof-contracts/contracts/facets/ProofManagerFacet.sol","s":{"1":14,"2":7,"3":10,"4":10,"5":8,"6":6,"7":6,"8":6,"9":6,"10":4,"11":13,"12":13,"13":13,"14":12,"15":11,"16":10,"17":4,"18":4,"19":2,"20":2,"21":4,"22":4,"23":4,"24":3,"25":3,"26":4,"27":4,"28":3,"29":4,"30":4,"31":16},"b":{"1":[13,1],"2":[6,1],"3":[8,2],"4":[6,2],"5":[6,1],"6":[13,1],"7":[1,12],"8":[11,1],"9":[1,10],"10":[1,3],"11":[3,1]},"f":{"1":14,"2":7,"3":10,"4":6,"5":4,"6":13,"7":4,"8":2,"9":4,"10":4,"11":16},"fnMap":{"1":{"name":"onlyRevoker","line":14,"loc":{"start":{"line":14,"column":4},"end":{"line":17,"column":4}}},"2":{"name":"onlyClaimer","line":19,"loc":{"start":{"line":19,"column":4},"end":{"line":22,"column":4}}},"3":{"name":"_claimProof","line":24,"loc":{"start":{"line":24,"column":4},"end":{"line":33,"column":4}}},"4":{"name":"claimProofFor","line":35,"loc":{"start":{"line":35,"column":4},"end":{"line":37,"column":4}}},"5":{"name":"claimProof","line":39,"loc":{"start":{"line":39,"column":4},"end":{"line":41,"column":4}}},"6":{"name":"revokeProof","line":43,"loc":{"start":{"line":43,"column":4},"end":{"line":56,"column":4}}},"7":{"name":"getProof","line":58,"loc":{"start":{"line":58,"column":4},"end":{"line":65,"column":4}}},"8":{"name":"getProofIdByDataHash","line":67,"loc":{"start":{"line":67,"column":4},"end":{"line":71,"column":4}}},"9":{"name":"getProofsOf","line":73,"loc":{"start":{"line":73,"column":4},"end":{"line":86,"column":4}}},"10":{"name":"claimedBalanceOf","line":88,"loc":{"start":{"line":88,"column":4},"end":{"line":92,"column":4}}},"11":{"name":"verifyProof","line":94,"loc":{"start":{"line":94,"column":4},"end":{"line":96,"column":4}}}},"statementMap":{"1":{"start":{"line":15,"column":8},"end":{"line":15,"column":81}},"2":{"start":{"line":20,"column":8},"end":{"line":20,"column":81}},"3":{"start":{"line":25,"column":8},"end":{"line":25,"column":72}},"4":{"start":{"line":27,"column":8},"end":{"line":27,"column":86}},"5":{"start":{"line":28,"column":8},"end":{"line":28,"column":87}},"6":{"start":{"line":30,"column":8},"end":{"line":30,"column":68}},"7":{"start":{"line":31,"column":8},"end":{"line":31,"column":42}},"8":{"start":{"line":32,"column":8},"end":{"line":32,"column":72}},"9":{"start":{"line":36,"column":8},"end":{"line":36,"column":48}},"10":{"start":{"line":40,"column":8},"end":{"line":40,"column":53}},"11":{"start":{"line":44,"column":8},"end":{"line":44,"column":72}},"12":{"start":{"line":45,"column":8},"end":{"line":45,"column":78}},"13":{"start":{"line":47,"column":8},"end":{"line":47,"column":1963}},"14":{"start":{"line":50,"column":8},"end":{"line":50,"column":94}},"15":{"start":{"line":51,"column":8},"end":{"line":51,"column":2196}},"16":{"start":{"line":55,"column":8},"end":{"line":55,"column":40}},"17":{"start":{"line":59,"column":8},"end":{"line":59,"column":72}},"18":{"start":{"line":61,"column":8},"end":{"line":61,"column":2701}},"19":{"start":{"line":68,"column":8},"end":{"line":68,"column":72}},"20":{"start":{"line":70,"column":8},"end":{"line":70,"column":51}},"21":{"start":{"line":74,"column":8},"end":{"line":74,"column":70}},"22":{"start":{"line":75,"column":8},"end":{"line":75,"column":59}},"23":{"start":{"line":77,"column":8},"end":{"line":77,"column":71}},"24":{"start":{"line":78,"column":8},"end":{"line":78,"column":105}},"25":{"start":{"line":79,"column":8},"end":{"line":79,"column":3563}},"26":{"start":{"line":80,"column":12},"end":{"line":80,"column":53}},"27":{"start":{"line":81,"column":12},"end":{"line":81,"column":68}},"28":{"start":{"line":85,"column":8},"end":{"line":85,"column":25}},"29":{"start":{"line":89,"column":8},"end":{"line":89,"column":72}},"30":{"start":{"line":91,"column":8},"end":{"line":91,"column":58}},"31":{"start":{"line":95,"column":8},"end":{"line":95,"column":66}}},"branchMap":{"1":{"line":15,"type":"if","locations":[{"start":{"line":15,"column":8},"end":{"line":15,"column":8}},{"start":{"line":15,"column":8},"end":{"line":15,"column":8}}]},"2":{"line":20,"type":"if","locations":[{"start":{"line":20,"column":8},"end":{"line":20,"column":8}},{"start":{"line":20,"column":8},"end":{"line":20,"column":8}}]},"3":{"line":27,"type":"if","locations":[{"start":{"line":27,"column":8},"end":{"line":27,"column":8}},{"start":{"line":27,"column":8},"end":{"line":27,"column":8}}]},"4":{"line":28,"type":"if","locations":[{"start":{"line":28,"column":8},"end":{"line":28,"column":8}},{"start":{"line":28,"column":8},"end":{"line":28,"column":8}}]},"5":{"line":35,"type":"if","locations":[{"start":{"line":35,"column":90},"end":{"line":35,"column":90}},{"start":{"line":35,"column":90},"end":{"line":35,"column":90}}]},"6":{"line":43,"type":"if","locations":[{"start":{"line":43,"column":66},"end":{"line":43,"column":66}},{"start":{"line":43,"column":66},"end":{"line":43,"column":66}}]},"7":{"line":47,"type":"if","locations":[{"start":{"line":47,"column":8},"end":{"line":47,"column":8}},{"start":{"line":47,"column":8},"end":{"line":47,"column":8}}]},"8":{"line":50,"type":"if","locations":[{"start":{"line":50,"column":8},"end":{"line":50,"column":8}},{"start":{"line":50,"column":8},"end":{"line":50,"column":8}}]},"9":{"line":51,"type":"if","locations":[{"start":{"line":51,"column":8},"end":{"line":51,"column":8}},{"start":{"line":51,"column":8},"end":{"line":51,"column":8}}]},"10":{"line":61,"type":"if","locations":[{"start":{"line":61,"column":8},"end":{"line":61,"column":8}},{"start":{"line":61,"column":8},"end":{"line":61,"column":8}}]},"11":{"line":77,"type":"if","locations":[{"start":{"line":77,"column":8},"end":{"line":77,"column":8}},{"start":{"line":77,"column":8},"end":{"line":77,"column":8}}]}}},"contracts/facets/Test1Facet.sol":{"l":{},"path":"/Users/th0t_nzeng/Coding/energyweb/greenProof/greenproof-sdk/packages/greenproof-contracts/contracts/facets/Test1Facet.sol","s":{},"b":{},"f":{"1":1,"2":1,"3":1,"4":1,"5":1,"6":1,"7":1,"8":1,"9":1,"10":1,"11":1,"12":1,"13":1,"14":1,"15":1,"16":1,"17":1,"18":1,"19":1,"20":1,"21":0},"fnMap":{"1":{"name":"test1Func1","line":7,"loc":{"start":{"line":7,"column":4},"end":{"line":7,"column":36}}},"2":{"name":"test1Func2","line":9,"loc":{"start":{"line":9,"column":4},"end":{"line":9,"column":36}}},"3":{"name":"test1Func3","line":11,"loc":{"start":{"line":11,"column":4},"end":{"line":11,"column":36}}},"4":{"name":"test1Func4","line":13,"loc":{"start":{"line":13,"column":4},"end":{"line":13,"column":36}}},"5":{"name":"test1Func5","line":15,"loc":{"start":{"line":15,"column":4},"end":{"line":15,"column":36}}},"6":{"name":"test1Func6","line":17,"loc":{"start":{"line":17,"column":4},"end":{"line":17,"column":36}}},"7":{"name":"test1Func7","line":19,"loc":{"start":{"line":19,"column":4},"end":{"line":19,"column":36}}},"8":{"name":"test1Func8","line":21,"loc":{"start":{"line":21,"column":4},"end":{"line":21,"column":36}}},"9":{"name":"test1Func9","line":23,"loc":{"start":{"line":23,"column":4},"end":{"line":23,"column":36}}},"10":{"name":"test1Func10","line":25,"loc":{"start":{"line":25,"column":4},"end":{"line":25,"column":37}}},"11":{"name":"test1Func11","line":27,"loc":{"start":{"line":27,"column":4},"end":{"line":27,"column":37}}},"12":{"name":"test1Func12","line":29,"loc":{"start":{"line":29,"column":4},"end":{"line":29,"column":37}}},"13":{"name":"test1Func13","line":31,"loc":{"start":{"line":31,"column":4},"end":{"line":31,"column":37}}},"14":{"name":"test1Func14","line":33,"loc":{"start":{"line":33,"column":4},"end":{"line":33,"column":37}}},"15":{"name":"test1Func15","line":35,"loc":{"start":{"line":35,"column":4},"end":{"line":35,"column":37}}},"16":{"name":"test1Func16","line":37,"loc":{"start":{"line":37,"column":4},"end":{"line":37,"column":37}}},"17":{"name":"test1Func17","line":39,"loc":{"start":{"line":39,"column":4},"end":{"line":39,"column":37}}},"18":{"name":"test1Func18","line":41,"loc":{"start":{"line":41,"column":4},"end":{"line":41,"column":37}}},"19":{"name":"test1Func19","line":43,"loc":{"start":{"line":43,"column":4},"end":{"line":43,"column":37}}},"20":{"name":"test1Func20","line":45,"loc":{"start":{"line":45,"column":4},"end":{"line":45,"column":37}}},"21":{"name":"supportsInterface","line":47,"loc":{"start":{"line":47,"column":4},"end":{"line":47,"column":82}}}},"statementMap":{},"branchMap":{}},"contracts/facets/Test2Facet.sol":{"l":{},"path":"/Users/th0t_nzeng/Coding/energyweb/greenProof/greenproof-sdk/packages/greenproof-contracts/contracts/facets/Test2Facet.sol","s":{},"b":{},"f":{"1":1,"2":1,"3":1,"4":1,"5":1,"6":1,"7":1,"8":1,"9":1,"10":1,"11":1,"12":1,"13":1,"14":1,"15":1,"16":1,"17":1,"18":1,"19":1,"20":1},"fnMap":{"1":{"name":"test2Func1","line":5,"loc":{"start":{"line":5,"column":4},"end":{"line":5,"column":36}}},"2":{"name":"test2Func2","line":7,"loc":{"start":{"line":7,"column":4},"end":{"line":7,"column":36}}},"3":{"name":"test2Func3","line":9,"loc":{"start":{"line":9,"column":4},"end":{"line":9,"column":36}}},"4":{"name":"test2Func4","line":11,"loc":{"start":{"line":11,"column":4},"end":{"line":11,"column":36}}},"5":{"name":"test2Func5","line":13,"loc":{"start":{"line":13,"column":4},"end":{"line":13,"column":36}}},"6":{"name":"test2Func6","line":15,"loc":{"start":{"line":15,"column":4},"end":{"line":15,"column":36}}},"7":{"name":"test2Func7","line":17,"loc":{"start":{"line":17,"column":4},"end":{"line":17,"column":36}}},"8":{"name":"test2Func8","line":19,"loc":{"start":{"line":19,"column":4},"end":{"line":19,"column":36}}},"9":{"name":"test2Func9","line":21,"loc":{"start":{"line":21,"column":4},"end":{"line":21,"column":36}}},"10":{"name":"test2Func10","line":23,"loc":{"start":{"line":23,"column":4},"end":{"line":23,"column":37}}},"11":{"name":"test2Func11","line":25,"loc":{"start":{"line":25,"column":4},"end":{"line":25,"column":37}}},"12":{"name":"test2Func12","line":27,"loc":{"start":{"line":27,"column":4},"end":{"line":27,"column":37}}},"13":{"name":"test2Func13","line":29,"loc":{"start":{"line":29,"column":4},"end":{"line":29,"column":37}}},"14":{"name":"test2Func14","line":31,"loc":{"start":{"line":31,"column":4},"end":{"line":31,"column":37}}},"15":{"name":"test2Func15","line":33,"loc":{"start":{"line":33,"column":4},"end":{"line":33,"column":37}}},"16":{"name":"test2Func16","line":35,"loc":{"start":{"line":35,"column":4},"end":{"line":35,"column":37}}},"17":{"name":"test2Func17","line":37,"loc":{"start":{"line":37,"column":4},"end":{"line":37,"column":37}}},"18":{"name":"test2Func18","line":39,"loc":{"start":{"line":39,"column":4},"end":{"line":39,"column":37}}},"19":{"name":"test2Func19","line":41,"loc":{"start":{"line":41,"column":4},"end":{"line":41,"column":37}}},"20":{"name":"test2Func20","line":43,"loc":{"start":{"line":43,"column":4},"end":{"line":43,"column":37}}}},"statementMap":{},"branchMap":{}},"contracts/facets/VotingFacet.sol":{"l":{"22":194,"23":193,"27":3,"28":1,"32":119,"33":1,"35":118,"39":8,"40":1,"42":7,"49":118,"50":118,"52":118,"53":1,"56":117,"57":1,"58":1,"59":1,"62":116,"63":66,"66":116,"67":2,"70":114,"80":193,"82":193,"83":1,"85":192,"86":192,"96":8,"97":8,"99":8,"100":1,"102":7,"104":5,"105":4,"107":4,"108":4,"109":4,"112":5,"113":5,"120":1,"122":1,"123":1,"124":1,"125":1,"126":1,"127":1,"128":1,"129":1,"130":1,"131":1,"138":2,"140":2,"144":338,"145":338,"146":338,"153":13,"154":13,"155":13,"156":13,"158":13,"159":13,"160":13,"161":11,"162":11,"166":13,"167":13,"168":11,"176":5,"177":5,"179":5,"183":61,"184":61,"185":61,"186":61,"188":61,"189":75,"190":57,"191":57,"195":61,"196":61,"197":57,"202":3,"204":3,"208":7,"209":1,"211":6,"212":6},"path":"/Users/th0t_nzeng/Coding/energyweb/greenProof/greenproof-sdk/packages/greenproof-contracts/contracts/facets/VotingFacet.sol","s":{"1":194,"2":3,"3":119,"4":8,"5":118,"6":118,"7":118,"8":117,"9":1,"10":1,"11":1,"12":116,"13":66,"14":116,"15":114,"16":193,"17":193,"18":192,"19":8,"20":8,"21":8,"22":7,"23":5,"24":4,"25":4,"26":5,"27":1,"28":1,"29":1,"30":1,"31":1,"32":1,"33":1,"34":1,"35":1,"36":1,"37":1,"38":2,"39":2,"40":338,"41":338,"42":338,"43":13,"44":13,"45":13,"46":13,"47":13,"48":13,"49":13,"50":13,"51":5,"52":5,"53":5,"54":61,"55":61,"56":61,"57":61,"58":61,"59":75,"60":61,"61":3,"62":3,"63":7,"64":6,"65":6},"b":{"1":[193,1],"2":[1,2],"3":[1,118],"4":[1,7],"5":[118,1],"6":[1,117],"7":[1,116],"8":[66,50],"9":[2,114],"10":[193,1],"11":[1,192],"12":[1,7],"13":[5,2],"14":[4,1],"15":[1,2],"16":[1,0],"17":[11,2],"18":[57,18],"19":[7,1],"20":[1,6]},"f":{"1":194,"2":3,"3":119,"4":8,"5":118,"6":193,"7":8,"8":1,"9":2,"10":338,"11":13,"12":5,"13":61,"14":3,"15":7},"fnMap":{"1":{"name":"onlyEnrolledWorkers","line":21,"loc":{"start":{"line":21,"column":4},"end":{"line":24,"column":4}}},"2":{"name":"onlyOwner","line":26,"loc":{"start":{"line":26,"column":4},"end":{"line":29,"column":4}}},"3":{"name":"onlyWhitelistedWorker","line":31,"loc":{"start":{"line":31,"column":4},"end":{"line":36,"column":4}}},"4":{"name":"onlyWhenEnabledRewards","line":38,"loc":{"start":{"line":38,"column":4},"end":{"line":43,"column":4}}},"5":{"name":"vote","line":48,"loc":{"start":{"line":48,"column":4},"end":{"line":71,"column":4}}},"6":{"name":"addWorker","line":79,"loc":{"start":{"line":79,"column":4},"end":{"line":87,"column":4}}},"7":{"name":"removeWorker","line":95,"loc":{"start":{"line":95,"column":4},"end":{"line":114,"column":4}}},"8":{"name":"cancelExpiredVotings","line":119,"loc":{"start":{"line":119,"column":4},"end":{"line":135,"column":4}}},"9":{"name":"getWorkers","line":137,"loc":{"start":{"line":137,"column":4},"end":{"line":141,"column":4}}},"10":{"name":"isWhitelistedWorker","line":143,"loc":{"start":{"line":143,"column":4},"end":{"line":147,"column":4}}},"11":{"name":"getWorkerVotes","line":152,"loc":{"start":{"line":152,"column":4},"end":{"line":170,"column":4}}},"12":{"name":"getWinners","line":175,"loc":{"start":{"line":175,"column":4},"end":{"line":180,"column":4}}},"13":{"name":"getWinningMatches","line":182,"loc":{"start":{"line":182,"column":4},"end":{"line":199,"column":4}}},"14":{"name":"numberOfVotings","line":201,"loc":{"start":{"line":201,"column":4},"end":{"line":205,"column":4}}},"15":{"name":"replenishRewardPool","line":207,"loc":{"start":{"line":207,"column":4},"end":{"line":213,"column":4}}}},"statementMap":{"1":{"start":{"line":22,"column":8},"end":{"line":22,"column":84}},"2":{"start":{"line":27,"column":8},"end":{"line":27,"column":107}},"3":{"start":{"line":32,"column":8},"end":{"line":32,"column":1303}},"4":{"start":{"line":39,"column":8},"end":{"line":39,"column":1466}},"5":{"start":{"line":49,"column":8},"end":{"line":49,"column":74}},"6":{"start":{"line":50,"column":8},"end":{"line":50,"column":92}},"7":{"start":{"line":52,"column":8},"end":{"line":52,"column":2014}},"8":{"start":{"line":56,"column":8},"end":{"line":56,"column":2147}},"9":{"start":{"line":57,"column":12},"end":{"line":57,"column":58}},"10":{"start":{"line":58,"column":12},"end":{"line":58,"column":60}},"11":{"start":{"line":59,"column":12},"end":{"line":59,"column":18}},"12":{"start":{"line":62,"column":8},"end":{"line":62,"column":2365}},"13":{"start":{"line":63,"column":12},"end":{"line":63,"column":57}},"14":{"start":{"line":66,"column":8},"end":{"line":66,"column":2497}},"15":{"start":{"line":70,"column":8},"end":{"line":70,"column":49}},"16":{"start":{"line":80,"column":8},"end":{"line":80,"column":79}},"17":{"start":{"line":82,"column":8},"end":{"line":82,"column":3214}},"18":{"start":{"line":86,"column":8},"end":{"line":86,"column":59}},"19":{"start":{"line":96,"column":8},"end":{"line":96,"column":79}},"20":{"start":{"line":97,"column":8},"end":{"line":97,"column":65}},"21":{"start":{"line":99,"column":8},"end":{"line":99,"column":4054}},"22":{"start":{"line":102,"column":8},"end":{"line":102,"column":99}},"23":{"start":{"line":104,"column":8},"end":{"line":104,"column":4283}},"24":{"start":{"line":105,"column":12},"end":{"line":105,"column":77}},"25":{"start":{"line":107,"column":12},"end":{"line":107,"column":96}},"26":{"start":{"line":113,"column":8},"end":{"line":113,"column":45}},"27":{"start":{"line":120,"column":8},"end":{"line":120,"column":79}},"28":{"start":{"line":122,"column":8},"end":{"line":122,"column":66}},"29":{"start":{"line":123,"column":8},"end":{"line":123,"column":5129}},"30":{"start":{"line":124,"column":12},"end":{"line":124,"column":57}},"31":{"start":{"line":125,"column":12},"end":{"line":125,"column":86}},"32":{"start":{"line":126,"column":12},"end":{"line":126,"column":65}},"33":{"start":{"line":127,"column":12},"end":{"line":127,"column":5405}},"34":{"start":{"line":128,"column":16},"end":{"line":128,"column":56}},"35":{"start":{"line":129,"column":16},"end":{"line":129,"column":5530}},"36":{"start":{"line":130,"column":20},"end":{"line":130,"column":66}},"37":{"start":{"line":131,"column":20},"end":{"line":131,"column":105}},"38":{"start":{"line":138,"column":8},"end":{"line":138,"column":79}},"39":{"start":{"line":140,"column":8},"end":{"line":140,"column":47}},"40":{"start":{"line":144,"column":8},"end":{"line":144,"column":79}},"41":{"start":{"line":145,"column":8},"end":{"line":145,"column":65}},"42":{"start":{"line":146,"column":8},"end":{"line":146,"column":119}},"43":{"start":{"line":153,"column":8},"end":{"line":153,"column":69}},"44":{"start":{"line":154,"column":8},"end":{"line":154,"column":78}},"45":{"start":{"line":155,"column":8},"end":{"line":155,"column":29}},"46":{"start":{"line":156,"column":8},"end":{"line":156,"column":62}},"47":{"start":{"line":158,"column":8},"end":{"line":158,"column":6864}},"48":{"start":{"line":159,"column":12},"end":{"line":159,"column":139}},"49":{"start":{"line":160,"column":12},"end":{"line":160,"column":7072}},"50":{"start":{"line":167,"column":8},"end":{"line":167,"column":7298}},"51":{"start":{"line":176,"column":8},"end":{"line":176,"column":79}},"52":{"start":{"line":177,"column":8},"end":{"line":177,"column":74}},"53":{"start":{"line":179,"column":8},"end":{"line":179,"column":57}},"54":{"start":{"line":183,"column":8},"end":{"line":183,"column":92}},"55":{"start":{"line":184,"column":8},"end":{"line":184,"column":39}},"56":{"start":{"line":185,"column":8},"end":{"line":185,"column":85}},"57":{"start":{"line":186,"column":8},"end":{"line":186,"column":67}},"58":{"start":{"line":188,"column":8},"end":{"line":188,"column":8242}},"59":{"start":{"line":189,"column":12},"end":{"line":189,"column":8311}},"60":{"start":{"line":196,"column":8},"end":{"line":196,"column":8612}},"61":{"start":{"line":202,"column":8},"end":{"line":202,"column":79}},"62":{"start":{"line":204,"column":8},"end":{"line":204,"column":45}},"63":{"start":{"line":208,"column":8},"end":{"line":208,"column":9079}},"64":{"start":{"line":211,"column":8},"end":{"line":211,"column":35}},"65":{"start":{"line":212,"column":8},"end":{"line":212,"column":28}}},"branchMap":{"1":{"line":22,"type":"if","locations":[{"start":{"line":22,"column":8},"end":{"line":22,"column":8}},{"start":{"line":22,"column":8},"end":{"line":22,"column":8}}]},"2":{"line":27,"type":"if","locations":[{"start":{"line":27,"column":8},"end":{"line":27,"column":8}},{"start":{"line":27,"column":8},"end":{"line":27,"column":8}}]},"3":{"line":32,"type":"if","locations":[{"start":{"line":32,"column":8},"end":{"line":32,"column":8}},{"start":{"line":32,"column":8},"end":{"line":32,"column":8}}]},"4":{"line":39,"type":"if","locations":[{"start":{"line":39,"column":8},"end":{"line":39,"column":8}},{"start":{"line":39,"column":8},"end":{"line":39,"column":8}}]},"5":{"line":48,"type":"if","locations":[{"start":{"line":48,"column":75},"end":{"line":48,"column":75}},{"start":{"line":48,"column":75},"end":{"line":48,"column":75}}]},"6":{"line":52,"type":"if","locations":[{"start":{"line":52,"column":8},"end":{"line":52,"column":8}},{"start":{"line":52,"column":8},"end":{"line":52,"column":8}}]},"7":{"line":56,"type":"if","locations":[{"start":{"line":56,"column":8},"end":{"line":56,"column":8}},{"start":{"line":56,"column":8},"end":{"line":56,"column":8}}]},"8":{"line":62,"type":"if","locations":[{"start":{"line":62,"column":8},"end":{"line":62,"column":8}},{"start":{"line":62,"column":8},"end":{"line":62,"column":8}}]},"9":{"line":66,"type":"if","locations":[{"start":{"line":66,"column":8},"end":{"line":66,"column":8}},{"start":{"line":66,"column":8},"end":{"line":66,"column":8}}]},"10":{"line":79,"type":"if","locations":[{"start":{"line":79,"column":72},"end":{"line":79,"column":72}},{"start":{"line":79,"column":72},"end":{"line":79,"column":72}}]},"11":{"line":82,"type":"if","locations":[{"start":{"line":82,"column":8},"end":{"line":82,"column":8}},{"start":{"line":82,"column":8},"end":{"line":82,"column":8}}]},"12":{"line":99,"type":"if","locations":[{"start":{"line":99,"column":8},"end":{"line":99,"column":8}},{"start":{"line":99,"column":8},"end":{"line":99,"column":8}}]},"13":{"line":102,"type":"if","locations":[{"start":{"line":102,"column":8},"end":{"line":102,"column":8}},{"start":{"line":102,"column":8},"end":{"line":102,"column":8}}]},"14":{"line":104,"type":"if","locations":[{"start":{"line":104,"column":8},"end":{"line":104,"column":8}},{"start":{"line":104,"column":8},"end":{"line":104,"column":8}}]},"15":{"line":119,"type":"if","locations":[{"start":{"line":119,"column":54},"end":{"line":119,"column":54}},{"start":{"line":119,"column":54},"end":{"line":119,"column":54}}]},"16":{"line":129,"type":"if","locations":[{"start":{"line":129,"column":16},"end":{"line":129,"column":16}},{"start":{"line":129,"column":16},"end":{"line":129,"column":16}}]},"17":{"line":160,"type":"if","locations":[{"start":{"line":160,"column":12},"end":{"line":160,"column":12}},{"start":{"line":160,"column":12},"end":{"line":160,"column":12}}]},"18":{"line":189,"type":"if","locations":[{"start":{"line":189,"column":12},"end":{"line":189,"column":12}},{"start":{"line":189,"column":12},"end":{"line":189,"column":12}}]},"19":{"line":207,"type":"if","locations":[{"start":{"line":207,"column":61},"end":{"line":207,"column":61}},{"start":{"line":207,"column":61},"end":{"line":207,"column":61}}]},"20":{"line":208,"type":"if","locations":[{"start":{"line":208,"column":8},"end":{"line":208,"column":8}},{"start":{"line":208,"column":8},"end":{"line":208,"column":8}}]}}},"contracts/Greenproof.sol":{"l":{"40":265,"41":265,"42":264,"43":263,"44":262,"45":261,"47":261,"48":261,"49":261,"50":261,"52":261,"63":4,"64":1,"68":3,"69":1,"73":3,"74":1,"78":3,"79":1,"83":3,"84":1,"88":3},"path":"/Users/th0t_nzeng/Coding/energyweb/greenProof/greenproof-sdk/packages/greenproof-contracts/contracts/Greenproof.sol","s":{"1":265,"2":265,"3":264,"4":263,"5":262,"6":261,"7":261,"8":261,"9":261,"10":261,"11":4,"12":1,"13":3,"14":1,"15":3,"16":1,"17":3,"18":1,"19":3,"20":1,"21":3},"b":{"1":[265,0],"2":[264,1],"3":[263,1],"4":[262,1],"5":[261,1],"6":[261,0]},"f":{"1":265,"2":4,"3":3,"4":3,"5":3,"6":3,"7":3},"fnMap":{"1":{"name":"constructor","line":39,"loc":{"start":{"line":39,"column":4},"end":{"line":60,"column":4}}},"2":{"name":"updateClaimManager","line":62,"loc":{"start":{"line":62,"column":4},"end":{"line":65,"column":4}}},"3":{"name":"updateIssuerVersion","line":67,"loc":{"start":{"line":67,"column":4},"end":{"line":70,"column":4}}},"4":{"name":"updateRevokerVersion","line":72,"loc":{"start":{"line":72,"column":4},"end":{"line":75,"column":4}}},"5":{"name":"updateWorkerVersion","line":77,"loc":{"start":{"line":77,"column":4},"end":{"line":80,"column":4}}},"6":{"name":"updateClaimerVersion","line":82,"loc":{"start":{"line":82,"column":4},"end":{"line":85,"column":4}}},"7":{"name":"setRewardsEnabled","line":87,"loc":{"start":{"line":87,"column":4},"end":{"line":89,"column":4}}}},"statementMap":{"1":{"start":{"line":40,"column":8},"end":{"line":40,"column":73}},"2":{"start":{"line":41,"column":8},"end":{"line":41,"column":91}},"3":{"start":{"line":42,"column":8},"end":{"line":42,"column":108}},"4":{"start":{"line":43,"column":8},"end":{"line":43,"column":82}},"5":{"start":{"line":44,"column":8},"end":{"line":44,"column":89}},"6":{"start":{"line":45,"column":8},"end":{"line":45,"column":109}},"7":{"start":{"line":47,"column":8},"end":{"line":47,"column":84}},"8":{"start":{"line":48,"column":8},"end":{"line":48,"column":51}},"9":{"start":{"line":49,"column":8},"end":{"line":49,"column":84}},"10":{"start":{"line":52,"column":8},"end":{"line":52,"column":2445}},"11":{"start":{"line":63,"column":8},"end":{"line":63,"column":79}},"12":{"start":{"line":64,"column":8},"end":{"line":64,"column":56}},"13":{"start":{"line":68,"column":8},"end":{"line":68,"column":73}},"14":{"start":{"line":69,"column":8},"end":{"line":69,"column":57}},"15":{"start":{"line":73,"column":8},"end":{"line":73,"column":74}},"16":{"start":{"line":74,"column":8},"end":{"line":74,"column":58}},"17":{"start":{"line":78,"column":8},"end":{"line":78,"column":73}},"18":{"start":{"line":79,"column":8},"end":{"line":79,"column":57}},"19":{"start":{"line":83,"column":8},"end":{"line":83,"column":74}},"20":{"start":{"line":84,"column":8},"end":{"line":84,"column":58}},"21":{"start":{"line":88,"column":8},"end":{"line":88,"column":50}}},"branchMap":{"1":{"line":40,"type":"if","locations":[{"start":{"line":40,"column":8},"end":{"line":40,"column":8}},{"start":{"line":40,"column":8},"end":{"line":40,"column":8}}]},"2":{"line":41,"type":"if","locations":[{"start":{"line":41,"column":8},"end":{"line":41,"column":8}},{"start":{"line":41,"column":8},"end":{"line":41,"column":8}}]},"3":{"line":42,"type":"if","locations":[{"start":{"line":42,"column":8},"end":{"line":42,"column":8}},{"start":{"line":42,"column":8},"end":{"line":42,"column":8}}]},"4":{"line":43,"type":"if","locations":[{"start":{"line":43,"column":8},"end":{"line":43,"column":8}},{"start":{"line":43,"column":8},"end":{"line":43,"column":8}}]},"5":{"line":44,"type":"if","locations":[{"start":{"line":44,"column":8},"end":{"line":44,"column":8}},{"start":{"line":44,"column":8},"end":{"line":44,"column":8}}]},"6":{"line":45,"type":"if","locations":[{"start":{"line":45,"column":8},"end":{"line":45,"column":8}},{"start":{"line":45,"column":8},"end":{"line":45,"column":8}}]}}},"contracts/interfaces/IClaimManager.sol":{"l":{},"path":"/Users/th0t_nzeng/Coding/energyweb/greenProof/greenproof-sdk/packages/greenproof-contracts/contracts/interfaces/IClaimManager.sol","s":{},"b":{},"f":{},"fnMap":{},"statementMap":{},"branchMap":{}},"contracts/interfaces/IGreenProof.sol":{"l":{},"path":"/Users/th0t_nzeng/Coding/energyweb/greenProof/greenproof-sdk/packages/greenproof-contracts/contracts/interfaces/IGreenProof.sol","s":{},"b":{},"f":{},"fnMap":{},"statementMap":{},"branchMap":{}},"contracts/interfaces/IProofManager.sol":{"l":{},"path":"/Users/th0t_nzeng/Coding/energyweb/greenProof/greenproof-sdk/packages/greenproof-contracts/contracts/interfaces/IProofManager.sol","s":{},"b":{},"f":{},"fnMap":{},"statementMap":{},"branchMap":{}},"contracts/interfaces/IReward.sol":{"l":{},"path":"/Users/th0t_nzeng/Coding/energyweb/greenProof/greenproof-sdk/packages/greenproof-contracts/contracts/interfaces/IReward.sol","s":{},"b":{},"f":{},"fnMap":{},"statementMap":{},"branchMap":{}},"contracts/interfaces/IVoting.sol":{"l":{},"path":"/Users/th0t_nzeng/Coding/energyweb/greenProof/greenproof-sdk/packages/greenproof-contracts/contracts/interfaces/IVoting.sol","s":{},"b":{},"f":{},"fnMap":{},"statementMap":{},"branchMap":{}},"contracts/libraries/LibClaimManager.sol":{"l":{"27":16,"28":11,"32":269,"35":269,"36":269,"38":269,"49":261,"51":261,"52":261,"54":261,"55":261,"56":261,"57":261,"58":261,"59":261,"63":2,"65":2,"66":1,"68":1,"72":2,"74":2,"75":1,"77":1,"81":2,"83":2,"84":1,"86":1,"90":2,"92":2,"93":1,"95":1,"99":3,"101":3,"102":2,"104":1,"106":1,"110":810,"111":810,"117":47,"119":47,"123":14,"125":14,"129":7,"131":7,"135":201,"137":201},"path":"/Users/th0t_nzeng/Coding/energyweb/greenProof/greenproof-sdk/packages/greenproof-contracts/contracts/libraries/LibClaimManager.sol","s":{"1":16,"2":269,"3":269,"4":269,"5":269,"6":261,"7":261,"8":261,"9":2,"10":2,"11":2,"12":2,"13":2,"14":2,"15":2,"16":2,"17":3,"18":3,"19":2,"20":810,"21":47,"22":47,"23":14,"24":14,"25":7,"26":7,"27":201,"28":201},"b":{"1":[11,5],"2":[261,0],"3":[261,0],"4":[2,1],"5":[1,1],"6":[2,1],"7":[1,1],"8":[2,1],"9":[1,1],"10":[2,1],"11":[1,1],"12":[3,1],"13":[2,1],"14":[1,1]},"f":{"1":16,"2":269,"3":261,"4":2,"5":2,"6":2,"7":2,"8":3,"9":810,"10":47,"11":14,"12":7,"13":201},"fnMap":{"1":{"name":"onlyOwner","line":26,"loc":{"start":{"line":26,"column":4},"end":{"line":29,"column":4}}},"2":{"name":"hasRole","line":31,"loc":{"start":{"line":31,"column":4},"end":{"line":39,"column":4}}},"3":{"name":"init","line":41,"loc":{"start":{"line":41,"column":4},"end":{"line":60,"column":4}}},"4":{"name":"setIssuerVersion","line":62,"loc":{"start":{"line":62,"column":4},"end":{"line":69,"column":4}}},"5":{"name":"setWorkerVersion","line":71,"loc":{"start":{"line":71,"column":4},"end":{"line":78,"column":4}}},"6":{"name":"setRevokerVersion","line":80,"loc":{"start":{"line":80,"column":4},"end":{"line":87,"column":4}}},"7":{"name":"setClaimerVersion","line":89,"loc":{"start":{"line":89,"column":4},"end":{"line":96,"column":4}}},"8":{"name":"setClaimManagerAddress","line":98,"loc":{"start":{"line":98,"column":4},"end":{"line":107,"column":4}}},"9":{"name":"getStorage","line":109,"loc":{"start":{"line":109,"column":4},"end":{"line":114,"column":4}}},"10":{"name":"isEnrolledIssuer","line":116,"loc":{"start":{"line":116,"column":4},"end":{"line":120,"column":4}}},"11":{"name":"isEnrolledRevoker","line":122,"loc":{"start":{"line":122,"column":4},"end":{"line":126,"column":4}}},"12":{"name":"isEnrolledClaimer","line":128,"loc":{"start":{"line":128,"column":4},"end":{"line":132,"column":4}}},"13":{"name":"isEnrolledWorker","line":134,"loc":{"start":{"line":134,"column":4},"end":{"line":138,"column":4}}}},"statementMap":{"1":{"start":{"line":27,"column":8},"end":{"line":27,"column":117}},"2":{"start":{"line":32,"column":8},"end":{"line":32,"column":61}},"3":{"start":{"line":35,"column":8},"end":{"line":35,"column":113}},"4":{"start":{"line":36,"column":8},"end":{"line":36,"column":106}},"5":{"start":{"line":38,"column":8},"end":{"line":38,"column":52}},"6":{"start":{"line":49,"column":8},"end":{"line":49,"column":61}},"7":{"start":{"line":51,"column":8},"end":{"line":51,"column":96}},"8":{"start":{"line":52,"column":8},"end":{"line":52,"column":113}},"9":{"start":{"line":63,"column":8},"end":{"line":63,"column":61}},"10":{"start":{"line":65,"column":8},"end":{"line":65,"column":76}},"11":{"start":{"line":72,"column":8},"end":{"line":72,"column":61}},"12":{"start":{"line":74,"column":8},"end":{"line":74,"column":76}},"13":{"start":{"line":81,"column":8},"end":{"line":81,"column":61}},"14":{"start":{"line":83,"column":8},"end":{"line":83,"column":77}},"15":{"start":{"line":90,"column":8},"end":{"line":90,"column":61}},"16":{"start":{"line":92,"column":8},"end":{"line":92,"column":77}},"17":{"start":{"line":99,"column":8},"end":{"line":99,"column":61}},"18":{"start":{"line":101,"column":8},"end":{"line":101,"column":74}},"19":{"start":{"line":102,"column":8},"end":{"line":102,"column":77}},"20":{"start":{"line":110,"column":8},"end":{"line":110,"column":57}},"21":{"start":{"line":117,"column":8},"end":{"line":117,"column":61}},"22":{"start":{"line":119,"column":8},"end":{"line":119,"column":91}},"23":{"start":{"line":123,"column":8},"end":{"line":123,"column":61}},"24":{"start":{"line":125,"column":8},"end":{"line":125,"column":93}},"25":{"start":{"line":129,"column":8},"end":{"line":129,"column":61}},"26":{"start":{"line":131,"column":8},"end":{"line":131,"column":93}},"27":{"start":{"line":135,"column":8},"end":{"line":135,"column":61}},"28":{"start":{"line":137,"column":8},"end":{"line":137,"column":91}}},"branchMap":{"1":{"line":27,"type":"if","locations":[{"start":{"line":27,"column":8},"end":{"line":27,"column":8}},{"start":{"line":27,"column":8},"end":{"line":27,"column":8}}]},"2":{"line":51,"type":"if","locations":[{"start":{"line":51,"column":8},"end":{"line":51,"column":8}},{"start":{"line":51,"column":8},"end":{"line":51,"column":8}}]},"3":{"line":52,"type":"if","locations":[{"start":{"line":52,"column":8},"end":{"line":52,"column":8}},{"start":{"line":52,"column":8},"end":{"line":52,"column":8}}]},"4":{"line":62,"type":"if","locations":[{"start":{"line":62,"column":60},"end":{"line":62,"column":60}},{"start":{"line":62,"column":60},"end":{"line":62,"column":60}}]},"5":{"line":65,"type":"if","locations":[{"start":{"line":65,"column":8},"end":{"line":65,"column":8}},{"start":{"line":65,"column":8},"end":{"line":65,"column":8}}]},"6":{"line":71,"type":"if","locations":[{"start":{"line":71,"column":60},"end":{"line":71,"column":60}},{"start":{"line":71,"column":60},"end":{"line":71,"column":60}}]},"7":{"line":74,"type":"if","locations":[{"start":{"line":74,"column":8},"end":{"line":74,"column":8}},{"start":{"line":74,"column":8},"end":{"line":74,"column":8}}]},"8":{"line":80,"type":"if","locations":[{"start":{"line":80,"column":61},"end":{"line":80,"column":61}},{"start":{"line":80,"column":61},"end":{"line":80,"column":61}}]},"9":{"line":83,"type":"if","locations":[{"start":{"line":83,"column":8},"end":{"line":83,"column":8}},{"start":{"line":83,"column":8},"end":{"line":83,"column":8}}]},"10":{"line":89,"type":"if","locations":[{"start":{"line":89,"column":61},"end":{"line":89,"column":61}},{"start":{"line":89,"column":61},"end":{"line":89,"column":61}}]},"11":{"line":92,"type":"if","locations":[{"start":{"line":92,"column":8},"end":{"line":92,"column":8}},{"start":{"line":92,"column":8},"end":{"line":92,"column":8}}]},"12":{"line":98,"type":"if","locations":[{"start":{"line":98,"column":66},"end":{"line":98,"column":66}},{"start":{"line":98,"column":66},"end":{"line":98,"column":66}}]},"13":{"line":101,"type":"if","locations":[{"start":{"line":101,"column":8},"end":{"line":101,"column":8}},{"start":{"line":101,"column":8},"end":{"line":101,"column":8}}]},"14":{"line":102,"type":"if","locations":[{"start":{"line":102,"column":8},"end":{"line":102,"column":8}},{"start":{"line":102,"column":8},"end":{"line":102,"column":8}}]}}},"contracts/libraries/LibIssuer.sol":{"l":{"35":261,"36":261,"40":33,"41":33,"45":33,"47":33,"55":33,"56":33,"60":6,"61":6,"65":38,"66":38,"68":38,"69":35,"72":3,"76":4,"78":4,"90":465,"92":465,"98":34,"99":34},"path":"/Users/th0t_nzeng/Coding/energyweb/greenProof/greenproof-sdk/packages/greenproof-contracts/contracts/libraries/LibIssuer.sol","s":{"1":261,"2":33,"3":33,"4":6,"5":38,"6":38,"7":38,"8":35,"9":3,"10":4,"11":4,"12":465,"13":34},"b":{"1":[35,3]},"f":{"1":261,"2":33,"3":33,"4":6,"5":38,"6":4,"7":465,"8":34},"fnMap":{"1":{"name":"init","line":34,"loc":{"start":{"line":34,"column":4},"end":{"line":37,"column":4}}},"2":{"name":"_incrementProofIndex","line":39,"loc":{"start":{"line":39,"column":4},"end":{"line":42,"column":4}}},"3":{"name":"_registerProof","line":44,"loc":{"start":{"line":44,"column":4},"end":{"line":57,"column":4}}},"4":{"name":"_registerClaimedProof","line":59,"loc":{"start":{"line":59,"column":4},"end":{"line":62,"column":4}}},"5":{"name":"_isCertified","line":64,"loc":{"start":{"line":64,"column":4},"end":{"line":73,"column":4}}},"6":{"name":"_getCertificate","line":75,"loc":{"start":{"line":75,"column":4},"end":{"line":87,"column":4}}},"7":{"name":"_getStorage","line":89,"loc":{"start":{"line":89,"column":4},"end":{"line":95,"column":4}}},"8":{"name":"_getAmountHash","line":97,"loc":{"start":{"line":97,"column":4},"end":{"line":100,"column":4}}}},"statementMap":{"1":{"start":{"line":35,"column":8},"end":{"line":35,"column":52}},"2":{"start":{"line":40,"column":8},"end":{"line":40,"column":52}},"3":{"start":{"line":45,"column":8},"end":{"line":45,"column":62}},"4":{"start":{"line":60,"column":8},"end":{"line":60,"column":52}},"5":{"start":{"line":65,"column":8},"end":{"line":65,"column":52}},"6":{"start":{"line":66,"column":8},"end":{"line":66,"column":65}},"7":{"start":{"line":68,"column":8},"end":{"line":68,"column":3127}},"8":{"start":{"line":69,"column":12},"end":{"line":69,"column":24}},"9":{"start":{"line":72,"column":8},"end":{"line":72,"column":60}},"10":{"start":{"line":76,"column":8},"end":{"line":76,"column":52}},"11":{"start":{"line":78,"column":8},"end":{"line":78,"column":3453}},"12":{"start":{"line":90,"column":8},"end":{"line":90,"column":50}},"13":{"start":{"line":98,"column":8},"end":{"line":98,"column":73}}},"branchMap":{"1":{"line":68,"type":"if","locations":[{"start":{"line":68,"column":8},"end":{"line":68,"column":8}},{"start":{"line":68,"column":8},"end":{"line":68,"column":8}}]}}},"contracts/libraries/LibProofManager.sol":{"l":{"13":55},"path":"/Users/th0t_nzeng/Coding/energyweb/greenProof/greenproof-sdk/packages/greenproof-contracts/contracts/libraries/LibProofManager.sol","s":{"1":55},"b":{},"f":{"1":55},"fnMap":{"1":{"name":"_verifyProof","line":8,"loc":{"start":{"line":8,"column":4},"end":{"line":14,"column":4}}}},"statementMap":{"1":{"start":{"line":13,"column":8},"end":{"line":13,"column":56}}},"branchMap":{}},"contracts/libraries/LibReward.sol":{"l":{"21":3,"22":1,"26":261,"28":261,"29":261,"33":1,"35":1,"36":1,"37":1,"41":6,"43":6,"44":6,"46":6,"47":5,"48":5,"49":5,"50":5,"55":65,"59":388,"61":388},"path":"/Users/th0t_nzeng/Coding/energyweb/greenProof/greenproof-sdk/packages/greenproof-contracts/contracts/libraries/LibReward.sol","s":{"1":3,"2":261,"3":1,"4":1,"5":1,"6":6,"7":6,"8":6,"9":6,"10":5,"11":5,"12":5,"13":65,"14":388},"b":{"1":[1,2],"2":[1,2],"3":[1,0]},"f":{"1":3,"2":261,"3":1,"4":6,"5":65,"6":388},"fnMap":{"1":{"name":"onlyOwner","line":20,"loc":{"start":{"line":20,"column":4},"end":{"line":23,"column":4}}},"2":{"name":"initRewards","line":25,"loc":{"start":{"line":25,"column":4},"end":{"line":30,"column":4}}},"3":{"name":"setRewardsEnabled","line":32,"loc":{"start":{"line":32,"column":4},"end":{"line":38,"column":4}}},"4":{"name":"payReward","line":40,"loc":{"start":{"line":40,"column":4},"end":{"line":52,"column":4}}},"5":{"name":"_isRewardEnabled","line":54,"loc":{"start":{"line":54,"column":4},"end":{"line":56,"column":4}}},"6":{"name":"getStorage","line":58,"loc":{"start":{"line":58,"column":4},"end":{"line":64,"column":4}}}},"statementMap":{"1":{"start":{"line":21,"column":8},"end":{"line":21,"column":114}},"2":{"start":{"line":26,"column":8},"end":{"line":26,"column":47}},"3":{"start":{"line":33,"column":8},"end":{"line":33,"column":47}},"4":{"start":{"line":35,"column":8},"end":{"line":35,"column":91}},"5":{"start":{"line":37,"column":8},"end":{"line":37,"column":65}},"6":{"start":{"line":41,"column":8},"end":{"line":41,"column":47}},"7":{"start":{"line":43,"column":8},"end":{"line":43,"column":46}},"8":{"start":{"line":44,"column":8},"end":{"line":44,"column":55}},"9":{"start":{"line":46,"column":8},"end":{"line":46,"column":1545}},"10":{"start":{"line":47,"column":12},"end":{"line":47,"column":79}},"11":{"start":{"line":49,"column":12},"end":{"line":49,"column":31}},"12":{"start":{"line":50,"column":12},"end":{"line":50,"column":50}},"13":{"start":{"line":55,"column":8},"end":{"line":55,"column":42}},"14":{"start":{"line":59,"column":8},"end":{"line":59,"column":50}}},"branchMap":{"1":{"line":21,"type":"if","locations":[{"start":{"line":21,"column":8},"end":{"line":21,"column":8}},{"start":{"line":21,"column":8},"end":{"line":21,"column":8}}]},"2":{"line":32,"type":"if","locations":[{"start":{"line":32,"column":61},"end":{"line":32,"column":61}},{"start":{"line":32,"column":61},"end":{"line":32,"column":61}}]},"3":{"line":35,"type":"if","locations":[{"start":{"line":35,"column":8},"end":{"line":35,"column":8}},{"start":{"line":35,"column":8},"end":{"line":35,"column":8}}]}}},"contracts/libraries/LibVoting.sol":{"l":{"90":261,"92":261,"93":261,"103":118,"104":118,"105":2,"107":116,"115":114,"116":114,"117":114,"119":114,"120":57,"121":57,"127":66,"128":63,"131":66,"132":66,"133":66,"135":66,"136":66,"137":66,"138":66,"145":59,"146":59,"147":59,"149":59,"150":2,"151":2,"154":57,"155":57,"157":57,"158":57,"160":57,"161":55,"166":202,"173":57,"174":57,"175":57,"182":57,"183":57,"191":55,"192":55,"194":55,"195":55,"197":55,"198":100,"199":3,"201":97,"210":114,"217":114,"219":114,"223":118,"227":709,"229":709,"233":57,"235":57,"237":57,"238":57,"240":57,"241":57,"242":57,"243":142,"244":142,"245":105,"246":105,"252":495,"265":36,"266":36,"267":36,"268":34,"269":34,"272":2,"276":13,"280":2722,"282":2722},"path":"/Users/th0t_nzeng/Coding/energyweb/greenProof/greenproof-sdk/packages/greenproof-contracts/contracts/libraries/LibVoting.sol","s":{"1":261,"2":118,"3":118,"4":2,"5":116,"6":114,"7":114,"8":57,"9":66,"10":63,"11":66,"12":66,"13":66,"14":66,"15":59,"16":59,"17":59,"18":2,"19":2,"20":57,"21":57,"22":57,"23":57,"24":57,"25":55,"26":202,"27":57,"28":57,"29":57,"30":55,"31":55,"32":55,"33":55,"34":55,"35":100,"36":3,"37":97,"38":114,"39":114,"40":114,"41":118,"42":709,"43":709,"44":57,"45":57,"46":57,"47":57,"48":57,"49":57,"50":142,"51":142,"52":495,"53":36,"54":36,"55":36,"56":34,"57":34,"58":2,"59":13,"60":2722},"b":{"1":[2,116],"2":[57,57],"3":[63,3],"4":[2,57],"5":[55,2],"6":[3,97],"7":[105,37],"8":[34,0]},"f":{"1":261,"2":118,"3":114,"4":66,"5":59,"6":202,"7":57,"8":57,"9":55,"10":114,"11":114,"12":118,"13":709,"14":57,"15":495,"16":36,"17":13,"18":2722},"fnMap":{"1":{"name":"init","line":89,"loc":{"start":{"line":89,"column":4},"end":{"line":94,"column":4}}},"2":{"name":"_isSessionExpired","line":102,"loc":{"start":{"line":102,"column":4},"end":{"line":109,"column":4}}},"3":{"name":"_recordVote","line":114,"loc":{"start":{"line":114,"column":4},"end":{"line":123,"column":4}}},"4":{"name":"_startSession","line":125,"loc":{"start":{"line":125,"column":4},"end":{"line":139,"column":4}}},"5":{"name":"_completeSession","line":144,"loc":{"start":{"line":144,"column":4},"end":{"line":163,"column":4}}},"6":{"name":"_getSessionID","line":165,"loc":{"start":{"line":165,"column":4},"end":{"line":167,"column":4}}},"7":{"name":"_revealMatch","line":172,"loc":{"start":{"line":172,"column":4},"end":{"line":176,"column":4}}},"8":{"name":"_revealVoters","line":181,"loc":{"start":{"line":181,"column":4},"end":{"line":184,"column":4}}},"9":{"name":"_rewardWinners","line":190,"loc":{"start":{"line":190,"column":4},"end":{"line":204,"column":4}}},"10":{"name":"_hasReachedConsensus","line":209,"loc":{"start":{"line":209,"column":4},"end":{"line":211,"column":4}}},"11":{"name":"_hasMajority","line":216,"loc":{"start":{"line":216,"column":4},"end":{"line":220,"column":4}}},"12":{"name":"_isClosed","line":222,"loc":{"start":{"line":222,"column":4},"end":{"line":224,"column":4}}},"13":{"name":"_getNumberOfWorkers","line":226,"loc":{"start":{"line":226,"column":4},"end":{"line":230,"column":4}}},"14":{"name":"_getVoters","line":232,"loc":{"start":{"line":232,"column":4},"end":{"line":249,"column":4}}},"15":{"name":"_getSession","line":251,"loc":{"start":{"line":251,"column":4},"end":{"line":253,"column":4}}},"16":{"name":"_isPartOfConsensus","line":264,"loc":{"start":{"line":264,"column":4},"end":{"line":273,"column":4}}},"17":{"name":"_hasAlreadyVoted","line":275,"loc":{"start":{"line":275,"column":4},"end":{"line":277,"column":4}}},"18":{"name":"_getStorage","line":279,"loc":{"start":{"line":279,"column":4},"end":{"line":285,"column":4}}}},"statementMap":{"1":{"start":{"line":90,"column":8},"end":{"line":90,"column":60}},"2":{"start":{"line":103,"column":8},"end":{"line":103,"column":72}},"3":{"start":{"line":104,"column":8},"end":{"line":104,"column":4388}},"4":{"start":{"line":105,"column":12},"end":{"line":105,"column":23}},"5":{"start":{"line":107,"column":12},"end":{"line":107,"column":24}},"6":{"start":{"line":115,"column":8},"end":{"line":115,"column":72}},"7":{"start":{"line":119,"column":8},"end":{"line":119,"column":4886}},"8":{"start":{"line":121,"column":12},"end":{"line":121,"column":48}},"9":{"start":{"line":127,"column":8},"end":{"line":127,"column":5180}},"10":{"start":{"line":128,"column":12},"end":{"line":128,"column":49}},"11":{"start":{"line":131,"column":8},"end":{"line":131,"column":72}},"12":{"start":{"line":132,"column":8},"end":{"line":132,"column":64}},"13":{"start":{"line":133,"column":8},"end":{"line":133,"column":76}},"14":{"start":{"line":138,"column":8},"end":{"line":138,"column":40}},"15":{"start":{"line":145,"column":8},"end":{"line":145,"column":72}},"16":{"start":{"line":146,"column":8},"end":{"line":146,"column":76}},"17":{"start":{"line":149,"column":8},"end":{"line":149,"column":6144}},"18":{"start":{"line":150,"column":12},"end":{"line":150,"column":56}},"19":{"start":{"line":151,"column":12},"end":{"line":151,"column":18}},"20":{"start":{"line":154,"column":8},"end":{"line":154,"column":40}},"21":{"start":{"line":155,"column":8},"end":{"line":155,"column":41}},"22":{"start":{"line":157,"column":8},"end":{"line":157,"column":76}},"23":{"start":{"line":158,"column":8},"end":{"line":158,"column":60}},"24":{"start":{"line":160,"column":8},"end":{"line":160,"column":6505}},"25":{"start":{"line":161,"column":12},"end":{"line":161,"column":46}},"26":{"start":{"line":166,"column":8},"end":{"line":166,"column":65}},"27":{"start":{"line":173,"column":8},"end":{"line":173,"column":72}},"28":{"start":{"line":175,"column":8},"end":{"line":175,"column":59}},"29":{"start":{"line":182,"column":8},"end":{"line":182,"column":60}},"30":{"start":{"line":191,"column":8},"end":{"line":191,"column":67}},"31":{"start":{"line":192,"column":8},"end":{"line":192,"column":91}},"32":{"start":{"line":194,"column":8},"end":{"line":194,"column":46}},"33":{"start":{"line":195,"column":8},"end":{"line":195,"column":60}},"34":{"start":{"line":197,"column":8},"end":{"line":197,"column":7972}},"35":{"start":{"line":198,"column":12},"end":{"line":198,"column":8038}},"36":{"start":{"line":199,"column":16},"end":{"line":199,"column":54}},"37":{"start":{"line":201,"column":16},"end":{"line":201,"column":52}},"38":{"start":{"line":210,"column":8},"end":{"line":210,"column":47}},"39":{"start":{"line":217,"column":8},"end":{"line":217,"column":59}},"40":{"start":{"line":219,"column":8},"end":{"line":219,"column":105}},"41":{"start":{"line":223,"column":8},"end":{"line":223,"column":46}},"42":{"start":{"line":227,"column":8},"end":{"line":227,"column":59}},"43":{"start":{"line":229,"column":8},"end":{"line":229,"column":54}},"44":{"start":{"line":233,"column":8},"end":{"line":233,"column":60}},"45":{"start":{"line":235,"column":8},"end":{"line":235,"column":111}},"46":{"start":{"line":237,"column":8},"end":{"line":237,"column":55}},"47":{"start":{"line":238,"column":8},"end":{"line":238,"column":80}},"48":{"start":{"line":241,"column":8},"end":{"line":241,"column":31}},"49":{"start":{"line":242,"column":8},"end":{"line":242,"column":9697}},"50":{"start":{"line":243,"column":12},"end":{"line":243,"column":51}},"51":{"start":{"line":244,"column":12},"end":{"line":244,"column":9810}},"52":{"start":{"line":252,"column":8},"end":{"line":252,"column":85}},"53":{"start":{"line":265,"column":8},"end":{"line":265,"column":90}},"54":{"start":{"line":266,"column":8},"end":{"line":266,"column":58}},"55":{"start":{"line":267,"column":8},"end":{"line":267,"column":10816}},"56":{"start":{"line":268,"column":12},"end":{"line":268,"column":10881}},"57":{"start":{"line":269,"column":16},"end":{"line":269,"column":27}},"58":{"start":{"line":272,"column":8},"end":{"line":272,"column":20}},"59":{"start":{"line":276,"column":8},"end":{"line":276,"column":46}},"60":{"start":{"line":280,"column":8},"end":{"line":280,"column":50}}},"branchMap":{"1":{"line":104,"type":"if","locations":[{"start":{"line":104,"column":8},"end":{"line":104,"column":8}},{"start":{"line":104,"column":8},"end":{"line":104,"column":8}}]},"2":{"line":119,"type":"if","locations":[{"start":{"line":119,"column":8},"end":{"line":119,"column":8}},{"start":{"line":119,"column":8},"end":{"line":119,"column":8}}]},"3":{"line":127,"type":"if","locations":[{"start":{"line":127,"column":8},"end":{"line":127,"column":8}},{"start":{"line":127,"column":8},"end":{"line":127,"column":8}}]},"4":{"line":149,"type":"if","locations":[{"start":{"line":149,"column":8},"end":{"line":149,"column":8}},{"start":{"line":149,"column":8},"end":{"line":149,"column":8}}]},"5":{"line":160,"type":"if","locations":[{"start":{"line":160,"column":8},"end":{"line":160,"column":8}},{"start":{"line":160,"column":8},"end":{"line":160,"column":8}}]},"6":{"line":198,"type":"if","locations":[{"start":{"line":198,"column":12},"end":{"line":198,"column":12}},{"start":{"line":198,"column":12},"end":{"line":198,"column":12}}]},"7":{"line":244,"type":"if","locations":[{"start":{"line":244,"column":12},"end":{"line":244,"column":12}},{"start":{"line":244,"column":12},"end":{"line":244,"column":12}}]},"8":{"line":268,"type":"if","locations":[{"start":{"line":268,"column":12},"end":{"line":268,"column":12}},{"start":{"line":268,"column":12},"end":{"line":268,"column":12}}]}}},"contracts/upgradeInitializers/GreenproofInit.sol":{"l":{"20":87,"21":87,"22":87,"23":87,"24":87},"path":"/Users/th0t_nzeng/Coding/energyweb/greenProof/greenproof-sdk/packages/greenproof-contracts/contracts/upgradeInitializers/GreenproofInit.sol","s":{"1":87,"2":87,"3":87,"4":87,"5":87},"b":{},"f":{"1":87},"fnMap":{"1":{"name":"init","line":19,"loc":{"start":{"line":19,"column":4},"end":{"line":32,"column":4}}}},"statementMap":{"1":{"start":{"line":20,"column":8},"end":{"line":20,"column":68}},"2":{"start":{"line":21,"column":8},"end":{"line":21,"column":74}},"3":{"start":{"line":22,"column":8},"end":{"line":22,"column":72}},"4":{"start":{"line":23,"column":8},"end":{"line":23,"column":74}},"5":{"start":{"line":24,"column":8},"end":{"line":24,"column":68}}},"branchMap":{}}}